<?xml version="1.0" encoding="UTF-8"?>
<testsuite name="nl.tudelft.jpacman.level.PlayerCollisionTest" tests="6" skipped="0" failures="0" errors="0" timestamp="2021-03-25T04:11:02" hostname="Chenghaos-MacBook-Pro.local" time="0.166">
  <properties/>
  <testcase name="testGhostCollidesGhost()" classname="nl.tudelft.jpacman.level.PlayerCollisionTest" time="0.144"/>
  <testcase name="testPelletCollidesGhost()" classname="nl.tudelft.jpacman.level.PlayerCollisionTest" time="0.001"/>
  <testcase name="testPelletCollidesPellet()" classname="nl.tudelft.jpacman.level.PlayerCollisionTest" time="0.001"/>
  <testcase name="testPlayerCollidesPellet()" classname="nl.tudelft.jpacman.level.PlayerCollisionTest" time="0.013"/>
  <testcase name="testPlayerCollidesPlayer()" classname="nl.tudelft.jpacman.level.PlayerCollisionTest" time="0.001"/>
  <testcase name="testPlayerCollidesGhost()" classname="nl.tudelft.jpacman.level.PlayerCollisionTest" time="0.002"/>
  <system-out><![CDATA[]]></system-out>
  <system-err><![CDATA[]]></system-err>
</testsuite>
