<?xml version="1.0" encoding="UTF-8"?>
<testsuite name="nl.tudelft.jpacman.npc.ghost.ClydeTest" tests="6" skipped="0" failures="0" errors="0" timestamp="2021-03-25T04:11:02" hostname="Chenghaos-MacBook-Pro.local" time="0.147">
  <properties/>
  <testcase name="testMoveOffward()" classname="nl.tudelft.jpacman.npc.ghost.ClydeTest" time="0.02"/>
  <testcase name="noPathTestWithoutFarAway()" classname="nl.tudelft.jpacman.npc.ghost.ClydeTest" time="0.035"/>
  <testcase name="noPlayerWithFaraway()" classname="nl.tudelft.jpacman.npc.ghost.ClydeTest" time="0.021"/>
  <testcase name="testReachableFar()" classname="nl.tudelft.jpacman.npc.ghost.ClydeTest" time="0.016"/>
  <testcase name="noPathTestWithFarAway()" classname="nl.tudelft.jpacman.npc.ghost.ClydeTest" time="0.022"/>
  <testcase name="noPlayerWithoutFaraway()" classname="nl.tudelft.jpacman.npc.ghost.ClydeTest" time="0.014"/>
  <system-out><![CDATA[]]></system-out>
  <system-err><![CDATA[]]></system-err>
</testsuite>
