<?xml version="1.0" encoding="UTF-8"?>
<testsuite name="ca.uvic.seng330.ex5.IntegrationTest" tests="1" skipped="0" failures="0" errors="0" timestamp="2021-02-25T23:09:54" hostname="Chenghaos-MacBook-Pro.local" time="0.592">
  <properties/>
  <testcase name="testWeatherService()" classname="ca.uvic.seng330.ex5.IntegrationTest" time="0.592"/>
  <system-out><![CDATA[]]></system-out>
  <system-err><![CDATA[]]></system-err>
</testsuite>
