<?xml version="1.0" encoding="UTF-8"?>
<testsuite name="nl.tudelft.jpacman.sprite.SpriteTest" tests="8" skipped="0" failures="0" errors="0" timestamp="2021-03-25T04:10:54" hostname="Chenghaos-MacBook-Pro.local" time="0.12">
  <properties/>
  <testcase name="splitOutOfBounds()" classname="nl.tudelft.jpacman.sprite.SpriteTest" time="0.004"/>
  <testcase name="spriteHeight()" classname="nl.tudelft.jpacman.sprite.SpriteTest" time="0.003"/>
  <testcase name="animationWidth()" classname="nl.tudelft.jpacman.sprite.SpriteTest" time="0.003"/>
  <testcase name="splitWidth()" classname="nl.tudelft.jpacman.sprite.SpriteTest" time="0.01"/>
  <testcase name="spriteWidth()" classname="nl.tudelft.jpacman.sprite.SpriteTest" time="0.005"/>
  <testcase name="splitHeight()" classname="nl.tudelft.jpacman.sprite.SpriteTest" time="0.003"/>
  <testcase name="resourceMissing()" classname="nl.tudelft.jpacman.sprite.SpriteTest" time="0.049"/>
  <testcase name="animationHeight()" classname="nl.tudelft.jpacman.sprite.SpriteTest" time="0.012"/>
  <system-out><![CDATA[]]></system-out>
  <system-err><![CDATA[]]></system-err>
</testsuite>
