<?xml version="1.0" encoding="UTF-8"?>
<testsuite name="com.example.springboot.DatabaseTest" tests="5" skipped="0" failures="0" errors="0" timestamp="2021-03-30T18:15:44" hostname="Chenghaos-MacBook-Pro.local" time="3.594">
  <properties/>
  <testcase name="findAllActiveStudentsTest()" classname="com.example.springboot.DatabaseTest" time="0.991"/>
  <testcase name="sortedFirstNamesTest()" classname="com.example.springboot.DatabaseTest" time="0.776"/>
  <testcase name="createTest()" classname="com.example.springboot.DatabaseTest" time="0.65"/>
  <testcase name="deleteTest()" classname="com.example.springboot.DatabaseTest" time="0.586"/>
  <testcase name="findByLastNameTest()" classname="com.example.springboot.DatabaseTest" time="0.585"/>
  <system-out><![CDATA[11:15:41.114 [Test worker] DEBUG org.springframework.test.context.BootstrapUtils - Instantiating CacheAwareContextLoaderDelegate from class [org.springframework.test.context.cache.DefaultCacheAwareContextLoaderDelegate]
11:15:41.129 [Test worker] DEBUG org.springframework.test.context.BootstrapUtils - Instantiating BootstrapContext using constructor [public org.springframework.test.context.support.DefaultBootstrapContext(java.lang.Class,org.springframework.test.context.CacheAwareContextLoaderDelegate)]
11:15:41.163 [Test worker] DEBUG org.springframework.test.context.BootstrapUtils - Instantiating TestContextBootstrapper for test class [com.example.springboot.DatabaseTest] from class [org.springframework.boot.test.context.SpringBootTestContextBootstrapper]
11:15:41.181 [Test worker] INFO org.springframework.boot.test.context.SpringBootTestContextBootstrapper - Neither @ContextConfiguration nor @ContextHierarchy found for test class [com.example.springboot.DatabaseTest], using SpringBootContextLoader
11:15:41.186 [Test worker] DEBUG org.springframework.test.context.support.AbstractContextLoader - Did not detect default resource location for test class [com.example.springboot.DatabaseTest]: class path resource [com/example/springboot/DatabaseTest-context.xml] does not exist
11:15:41.187 [Test worker] DEBUG org.springframework.test.context.support.AbstractContextLoader - Did not detect default resource location for test class [com.example.springboot.DatabaseTest]: class path resource [com/example/springboot/DatabaseTestContext.groovy] does not exist
11:15:41.187 [Test worker] INFO org.springframework.test.context.support.AbstractContextLoader - Could not detect default resource locations for test class [com.example.springboot.DatabaseTest]: no resource found for suffixes {-context.xml, Context.groovy}.
11:15:41.231 [Test worker] DEBUG org.springframework.test.context.support.ActiveProfilesUtils - Could not find an 'annotation declaring class' for annotation type [org.springframework.test.context.ActiveProfiles] and class [com.example.springboot.DatabaseTest]
11:15:41.344 [Test worker] DEBUG org.springframework.boot.test.context.SpringBootTestContextBootstrapper - @TestExecutionListeners is not present for class [com.example.springboot.DatabaseTest]: using defaults.
11:15:41.345 [Test worker] INFO org.springframework.boot.test.context.SpringBootTestContextBootstrapper - Loaded default TestExecutionListener class names from location [META-INF/spring.factories]: [org.springframework.boot.test.autoconfigure.restdocs.RestDocsTestExecutionListener, org.springframework.boot.test.autoconfigure.web.client.MockRestServiceServerResetTestExecutionListener, org.springframework.boot.test.autoconfigure.web.servlet.MockMvcPrintOnlyOnFailureTestExecutionListener, org.springframework.boot.test.autoconfigure.web.servlet.WebDriverTestExecutionListener, org.springframework.boot.test.autoconfigure.webservices.client.MockWebServiceServerTestExecutionListener, org.springframework.boot.test.mock.mockito.MockitoTestExecutionListener, org.springframework.boot.test.mock.mockito.ResetMocksTestExecutionListener, org.springframework.test.context.web.ServletTestExecutionListener, org.springframework.test.context.support.DirtiesContextBeforeModesTestExecutionListener, org.springframework.test.context.support.DependencyInjectionTestExecutionListener, org.springframework.test.context.support.DirtiesContextTestExecutionListener, org.springframework.test.context.transaction.TransactionalTestExecutionListener, org.springframework.test.context.jdbc.SqlScriptsTestExecutionListener, org.springframework.test.context.event.EventPublishingTestExecutionListener]
11:15:41.361 [Test worker] INFO org.springframework.boot.test.context.SpringBootTestContextBootstrapper - Using TestExecutionListeners: [org.springframework.test.context.web.ServletTestExecutionListener@20e0fe9f, org.springframework.test.context.support.DirtiesContextBeforeModesTestExecutionListener@3d727824, org.springframework.boot.test.mock.mockito.MockitoTestExecutionListener@23817503, org.springframework.boot.test.autoconfigure.SpringBootDependencyInjectionTestExecutionListener@4e4e479c, org.springframework.test.context.support.DirtiesContextTestExecutionListener@697d5ccc, org.springframework.test.context.transaction.TransactionalTestExecutionListener@4760ba9f, org.springframework.test.context.jdbc.SqlScriptsTestExecutionListener@6fe1e61d, org.springframework.test.context.event.EventPublishingTestExecutionListener@53af3eda, org.springframework.boot.test.autoconfigure.restdocs.RestDocsTestExecutionListener@50b7935f, org.springframework.boot.test.autoconfigure.web.client.MockRestServiceServerResetTestExecutionListener@12c17f94, org.springframework.boot.test.autoconfigure.web.servlet.MockMvcPrintOnlyOnFailureTestExecutionListener@7270a2df, org.springframework.boot.test.autoconfigure.web.servlet.WebDriverTestExecutionListener@58031ba5, org.springframework.boot.test.autoconfigure.webservices.client.MockWebServiceServerTestExecutionListener@34425691, org.springframework.boot.test.mock.mockito.ResetMocksTestExecutionListener@2d66b252]
11:15:41.365 [Test worker] DEBUG org.springframework.test.context.support.AbstractDirtiesContextTestExecutionListener - Before test class: context [DefaultTestContext@4227f265 testClass = DatabaseTest, testInstance = [null], testMethod = [null], testException = [null], mergedContextConfiguration = [WebMergedContextConfiguration@4eef7806 testClass = DatabaseTest, locations = '{}', classes = '{class com.example.springboot.Application, class com.example.springboot.Application}', contextInitializerClasses = '[]', activeProfiles = '{}', propertySourceLocations = '{}', propertySourceProperties = '{org.springframework.boot.test.context.SpringBootTestContextBootstrapper=true}', contextCustomizers = set[org.springframework.boot.test.autoconfigure.properties.PropertyMappingContextCustomizer@0, org.springframework.boot.test.autoconfigure.web.servlet.WebDriverContextCustomizerFactory$Customizer@2b857f18, org.springframework.boot.test.context.filter.ExcludeFilterContextCustomizer@5d9cd109, org.springframework.boot.test.json.DuplicateJsonObjectContextCustomizerFactory$DuplicateJsonObjectContextCustomizer@4cf45e4e, org.springframework.boot.test.mock.mockito.MockitoContextCustomizer@0, org.springframework.boot.test.web.client.TestRestTemplateContextCustomizer@528e63f, org.springframework.boot.test.context.SpringBootTestArgs@1], resourceBasePath = 'src/main/webapp', contextLoader = 'org.springframework.boot.test.context.SpringBootContextLoader', parent = [null]], attributes = map['org.springframework.test.context.web.ServletTestExecutionListener.activateListener' -> true]], class annotated with @DirtiesContext [true] with mode [BEFORE_EACH_TEST_METHOD].
11:15:41.393 [Test worker] DEBUG org.springframework.test.context.support.TestPropertySourceUtils - Adding inlined properties to environment: {spring.jmx.enabled=false, org.springframework.boot.test.context.SpringBootTestContextBootstrapper=true}

  .   ____          _            __ _ _
 /\\ / ___'_ __ _ _(_)_ __  __ _ \ \ \ \
( ( )\___ | '_ | '_| | '_ \/ _` | \ \ \ \
 \\/  ___)| |_)| | | | | || (_| |  ) ) ) )
  '  |____| .__|_| |_|_| |_\__, | / / / /
 =========|_|==============|___/=/_/_/_/
 :: Spring Boot ::        (v2.3.3.RELEASE)

2021-03-30 11:15:41.693  INFO 48088 --- [    Test worker] com.example.springboot.DatabaseTest      : Starting DatabaseTest on Chenghaos-MacBook-Pro.local with PID 48088 (started by chenghaoliu in /Users/chenghaoliu/Desktop/Uvic/2021Spring/Seng275/Labs/Lab9/database_testing)
2021-03-30 11:15:41.696  INFO 48088 --- [    Test worker] com.example.springboot.DatabaseTest      : No active profile set, falling back to default profiles: default
2021-03-30 11:15:42.393  INFO 48088 --- [    Test worker] .s.d.r.c.RepositoryConfigurationDelegate : Bootstrapping Spring Data JPA repositories in DEFERRED mode.
2021-03-30 11:15:42.456  INFO 48088 --- [    Test worker] .s.d.r.c.RepositoryConfigurationDelegate : Finished Spring Data repository scanning in 53ms. Found 1 JPA repository interfaces.
2021-03-30 11:15:42.970  INFO 48088 --- [    Test worker] o.s.s.concurrent.ThreadPoolTaskExecutor  : Initializing ExecutorService 'applicationTaskExecutor'
2021-03-30 11:15:42.985  INFO 48088 --- [    Test worker] com.zaxxer.hikari.HikariDataSource       : HikariPool-1 - Starting...
2021-03-30 11:15:43.094  INFO 48088 --- [    Test worker] com.zaxxer.hikari.HikariDataSource       : HikariPool-1 - Start completed.
2021-03-30 11:15:43.165  INFO 48088 --- [         task-1] o.hibernate.jpa.internal.util.LogHelper  : HHH000204: Processing PersistenceUnitInfo [name: default]
2021-03-30 11:15:43.241  INFO 48088 --- [         task-1] org.hibernate.Version                    : HHH000412: Hibernate ORM core version 5.4.20.Final
2021-03-30 11:15:43.422  WARN 48088 --- [    Test worker] JpaBaseConfiguration$JpaWebConfiguration : spring.jpa.open-in-view is enabled by default. Therefore, database queries may be performed during view rendering. Explicitly configure spring.jpa.open-in-view to disable this warning
2021-03-30 11:15:43.429  INFO 48088 --- [         task-1] o.hibernate.annotations.common.Version   : HCANN000001: Hibernate Commons Annotations {5.1.0.Final}
2021-03-30 11:15:43.644  INFO 48088 --- [         task-1] org.hibernate.dialect.Dialect            : HHH000400: Using dialect: org.hibernate.dialect.H2Dialect
2021-03-30 11:15:43.873  INFO 48088 --- [    Test worker] o.s.b.a.h2.H2ConsoleAutoConfiguration    : H2 console available at '/h2-console'. Database available at 'jdbc:h2:mem:f5dfed48-1517-441c-8545-e5c732cbf134'
2021-03-30 11:15:44.229  INFO 48088 --- [    Test worker] DeferredRepositoryInitializationListener : Triggering deferred initialization of Spring Data repositories…
2021-03-30 11:15:44.428  INFO 48088 --- [         task-1] o.h.e.t.j.p.i.JtaPlatformInitiator       : HHH000490: Using JtaPlatform implementation: [org.hibernate.engine.transaction.jta.platform.internal.NoJtaPlatform]
2021-03-30 11:15:44.434  INFO 48088 --- [         task-1] j.LocalContainerEntityManagerFactoryBean : Initialized JPA EntityManagerFactory for persistence unit 'default'
2021-03-30 11:15:44.754  INFO 48088 --- [    Test worker] DeferredRepositoryInitializationListener : Spring Data repositories initialized!
2021-03-30 11:15:44.764  INFO 48088 --- [    Test worker] com.example.springboot.DatabaseTest      : Started DatabaseTest in 3.361 seconds (JVM running for 4.49)
2021-03-30 11:15:44.785  INFO 48088 --- [    Test worker] j.LocalContainerEntityManagerFactoryBean : Closing JPA EntityManagerFactory for persistence unit 'default'
2021-03-30 11:15:44.786  INFO 48088 --- [    Test worker] .SchemaDropperImpl$DelayedDropActionImpl : HHH000477: Starting delayed evictData of schema as part of SessionFactory shut-down'
2021-03-30 11:15:44.791  INFO 48088 --- [    Test worker] o.s.s.concurrent.ThreadPoolTaskExecutor  : Shutting down ExecutorService 'applicationTaskExecutor'
2021-03-30 11:15:44.792  INFO 48088 --- [    Test worker] com.zaxxer.hikari.HikariDataSource       : HikariPool-1 - Shutdown initiated...
2021-03-30 11:15:44.794  INFO 48088 --- [    Test worker] com.zaxxer.hikari.HikariDataSource       : HikariPool-1 - Shutdown completed.

  .   ____          _            __ _ _
 /\\ / ___'_ __ _ _(_)_ __  __ _ \ \ \ \
( ( )\___ | '_ | '_| | '_ \/ _` | \ \ \ \
 \\/  ___)| |_)| | | | | || (_| |  ) ) ) )
  '  |____| .__|_| |_|_| |_\__, | / / / /
 =========|_|==============|___/=/_/_/_/
 :: Spring Boot ::        (v2.3.3.RELEASE)

2021-03-30 11:15:44.813  INFO 48088 --- [    Test worker] com.example.springboot.DatabaseTest      : Starting DatabaseTest on Chenghaos-MacBook-Pro.local with PID 48088 (started by chenghaoliu in /Users/chenghaoliu/Desktop/Uvic/2021Spring/Seng275/Labs/Lab9/database_testing)
2021-03-30 11:15:44.813  INFO 48088 --- [    Test worker] com.example.springboot.DatabaseTest      : No active profile set, falling back to default profiles: default
2021-03-30 11:15:44.981  INFO 48088 --- [    Test worker] .s.d.r.c.RepositoryConfigurationDelegate : Bootstrapping Spring Data JPA repositories in DEFERRED mode.
2021-03-30 11:15:44.988  INFO 48088 --- [    Test worker] .s.d.r.c.RepositoryConfigurationDelegate : Finished Spring Data repository scanning in 6ms. Found 1 JPA repository interfaces.
2021-03-30 11:15:45.106  INFO 48088 --- [    Test worker] o.s.s.concurrent.ThreadPoolTaskExecutor  : Initializing ExecutorService 'applicationTaskExecutor'
2021-03-30 11:15:45.109  INFO 48088 --- [    Test worker] com.zaxxer.hikari.HikariDataSource       : HikariPool-2 - Starting...
2021-03-30 11:15:45.111  INFO 48088 --- [    Test worker] com.zaxxer.hikari.HikariDataSource       : HikariPool-2 - Start completed.
2021-03-30 11:15:45.122  INFO 48088 --- [         task-1] o.hibernate.jpa.internal.util.LogHelper  : HHH000204: Processing PersistenceUnitInfo [name: default]
2021-03-30 11:15:45.131  INFO 48088 --- [         task-1] org.hibernate.dialect.Dialect            : HHH000400: Using dialect: org.hibernate.dialect.H2Dialect
2021-03-30 11:15:45.181  INFO 48088 --- [         task-1] o.h.e.t.j.p.i.JtaPlatformInitiator       : HHH000490: Using JtaPlatform implementation: [org.hibernate.engine.transaction.jta.platform.internal.NoJtaPlatform]
2021-03-30 11:15:45.182  INFO 48088 --- [         task-1] j.LocalContainerEntityManagerFactoryBean : Initialized JPA EntityManagerFactory for persistence unit 'default'
2021-03-30 11:15:45.249  WARN 48088 --- [    Test worker] JpaBaseConfiguration$JpaWebConfiguration : spring.jpa.open-in-view is enabled by default. Therefore, database queries may be performed during view rendering. Explicitly configure spring.jpa.open-in-view to disable this warning
2021-03-30 11:15:45.342  INFO 48088 --- [    Test worker] o.s.b.a.h2.H2ConsoleAutoConfiguration    : H2 console available at '/h2-console'. Database available at 'jdbc:h2:mem:51870862-b4cd-44fe-b2f0-231063f63177'
2021-03-30 11:15:45.493  INFO 48088 --- [    Test worker] DeferredRepositoryInitializationListener : Triggering deferred initialization of Spring Data repositories…
2021-03-30 11:15:45.552  INFO 48088 --- [    Test worker] DeferredRepositoryInitializationListener : Spring Data repositories initialized!
2021-03-30 11:15:45.555  INFO 48088 --- [    Test worker] com.example.springboot.DatabaseTest      : Started DatabaseTest in 0.758 seconds (JVM running for 5.281)
2021-03-30 11:15:45.777  INFO 48088 --- [    Test worker] j.LocalContainerEntityManagerFactoryBean : Closing JPA EntityManagerFactory for persistence unit 'default'
2021-03-30 11:15:45.777  INFO 48088 --- [    Test worker] .SchemaDropperImpl$DelayedDropActionImpl : HHH000477: Starting delayed evictData of schema as part of SessionFactory shut-down'
2021-03-30 11:15:45.779  INFO 48088 --- [    Test worker] o.s.s.concurrent.ThreadPoolTaskExecutor  : Shutting down ExecutorService 'applicationTaskExecutor'
2021-03-30 11:15:45.779  INFO 48088 --- [    Test worker] com.zaxxer.hikari.HikariDataSource       : HikariPool-2 - Shutdown initiated...
2021-03-30 11:15:45.780  INFO 48088 --- [    Test worker] com.zaxxer.hikari.HikariDataSource       : HikariPool-2 - Shutdown completed.

  .   ____          _            __ _ _
 /\\ / ___'_ __ _ _(_)_ __  __ _ \ \ \ \
( ( )\___ | '_ | '_| | '_ \/ _` | \ \ \ \
 \\/  ___)| |_)| | | | | || (_| |  ) ) ) )
  '  |____| .__|_| |_|_| |_\__, | / / / /
 =========|_|==============|___/=/_/_/_/
 :: Spring Boot ::        (v2.3.3.RELEASE)

2021-03-30 11:15:45.803  INFO 48088 --- [    Test worker] com.example.springboot.DatabaseTest      : Starting DatabaseTest on Chenghaos-MacBook-Pro.local with PID 48088 (started by chenghaoliu in /Users/chenghaoliu/Desktop/Uvic/2021Spring/Seng275/Labs/Lab9/database_testing)
2021-03-30 11:15:45.803  INFO 48088 --- [    Test worker] com.example.springboot.DatabaseTest      : No active profile set, falling back to default profiles: default
2021-03-30 11:15:45.929  INFO 48088 --- [    Test worker] .s.d.r.c.RepositoryConfigurationDelegate : Bootstrapping Spring Data JPA repositories in DEFERRED mode.
2021-03-30 11:15:45.942  INFO 48088 --- [    Test worker] .s.d.r.c.RepositoryConfigurationDelegate : Finished Spring Data repository scanning in 11ms. Found 1 JPA repository interfaces.
2021-03-30 11:15:46.084  INFO 48088 --- [    Test worker] o.s.s.concurrent.ThreadPoolTaskExecutor  : Initializing ExecutorService 'applicationTaskExecutor'
2021-03-30 11:15:46.086  INFO 48088 --- [    Test worker] com.zaxxer.hikari.HikariDataSource       : HikariPool-3 - Starting...
2021-03-30 11:15:46.089  INFO 48088 --- [    Test worker] com.zaxxer.hikari.HikariDataSource       : HikariPool-3 - Start completed.
2021-03-30 11:15:46.098  INFO 48088 --- [         task-1] o.hibernate.jpa.internal.util.LogHelper  : HHH000204: Processing PersistenceUnitInfo [name: default]
2021-03-30 11:15:46.103  INFO 48088 --- [         task-1] org.hibernate.dialect.Dialect            : HHH000400: Using dialect: org.hibernate.dialect.H2Dialect
2021-03-30 11:15:46.137  INFO 48088 --- [         task-1] o.h.e.t.j.p.i.JtaPlatformInitiator       : HHH000490: Using JtaPlatform implementation: [org.hibernate.engine.transaction.jta.platform.internal.NoJtaPlatform]
2021-03-30 11:15:46.138  INFO 48088 --- [         task-1] j.LocalContainerEntityManagerFactoryBean : Initialized JPA EntityManagerFactory for persistence unit 'default'
2021-03-30 11:15:46.239  WARN 48088 --- [    Test worker] JpaBaseConfiguration$JpaWebConfiguration : spring.jpa.open-in-view is enabled by default. Therefore, database queries may be performed during view rendering. Explicitly configure spring.jpa.open-in-view to disable this warning
2021-03-30 11:15:46.330  INFO 48088 --- [    Test worker] o.s.b.a.h2.H2ConsoleAutoConfiguration    : H2 console available at '/h2-console'. Database available at 'jdbc:h2:mem:8fe9e133-4284-45d3-ac14-f126cf5abd0e'
2021-03-30 11:15:46.481  INFO 48088 --- [    Test worker] DeferredRepositoryInitializationListener : Triggering deferred initialization of Spring Data repositories…
2021-03-30 11:15:46.533  INFO 48088 --- [    Test worker] DeferredRepositoryInitializationListener : Spring Data repositories initialized!
2021-03-30 11:15:46.537  INFO 48088 --- [    Test worker] com.example.springboot.DatabaseTest      : Started DatabaseTest in 0.754 seconds (JVM running for 6.262)
2021-03-30 11:15:46.554  INFO 48088 --- [    Test worker] j.LocalContainerEntityManagerFactoryBean : Closing JPA EntityManagerFactory for persistence unit 'default'
2021-03-30 11:15:46.554  INFO 48088 --- [    Test worker] .SchemaDropperImpl$DelayedDropActionImpl : HHH000477: Starting delayed evictData of schema as part of SessionFactory shut-down'
2021-03-30 11:15:46.556  INFO 48088 --- [    Test worker] o.s.s.concurrent.ThreadPoolTaskExecutor  : Shutting down ExecutorService 'applicationTaskExecutor'
2021-03-30 11:15:46.557  INFO 48088 --- [    Test worker] com.zaxxer.hikari.HikariDataSource       : HikariPool-3 - Shutdown initiated...
2021-03-30 11:15:46.558  INFO 48088 --- [    Test worker] com.zaxxer.hikari.HikariDataSource       : HikariPool-3 - Shutdown completed.

  .   ____          _            __ _ _
 /\\ / ___'_ __ _ _(_)_ __  __ _ \ \ \ \
( ( )\___ | '_ | '_| | '_ \/ _` | \ \ \ \
 \\/  ___)| |_)| | | | | || (_| |  ) ) ) )
  '  |____| .__|_| |_|_| |_\__, | / / / /
 =========|_|==============|___/=/_/_/_/
 :: Spring Boot ::        (v2.3.3.RELEASE)

2021-03-30 11:15:46.589  INFO 48088 --- [    Test worker] com.example.springboot.DatabaseTest      : Starting DatabaseTest on Chenghaos-MacBook-Pro.local with PID 48088 (started by chenghaoliu in /Users/chenghaoliu/Desktop/Uvic/2021Spring/Seng275/Labs/Lab9/database_testing)
2021-03-30 11:15:46.589  INFO 48088 --- [    Test worker] com.example.springboot.DatabaseTest      : No active profile set, falling back to default profiles: default
2021-03-30 11:15:46.696  INFO 48088 --- [    Test worker] .s.d.r.c.RepositoryConfigurationDelegate : Bootstrapping Spring Data JPA repositories in DEFERRED mode.
2021-03-30 11:15:46.701  INFO 48088 --- [    Test worker] .s.d.r.c.RepositoryConfigurationDelegate : Finished Spring Data repository scanning in 4ms. Found 1 JPA repository interfaces.
2021-03-30 11:15:46.790  INFO 48088 --- [    Test worker] o.s.s.concurrent.ThreadPoolTaskExecutor  : Initializing ExecutorService 'applicationTaskExecutor'
2021-03-30 11:15:46.792  INFO 48088 --- [    Test worker] com.zaxxer.hikari.HikariDataSource       : HikariPool-4 - Starting...
2021-03-30 11:15:46.794  INFO 48088 --- [    Test worker] com.zaxxer.hikari.HikariDataSource       : HikariPool-4 - Start completed.
2021-03-30 11:15:46.803  INFO 48088 --- [         task-1] o.hibernate.jpa.internal.util.LogHelper  : HHH000204: Processing PersistenceUnitInfo [name: default]
2021-03-30 11:15:46.808  INFO 48088 --- [         task-1] org.hibernate.dialect.Dialect            : HHH000400: Using dialect: org.hibernate.dialect.H2Dialect
2021-03-30 11:15:46.836  INFO 48088 --- [         task-1] o.h.e.t.j.p.i.JtaPlatformInitiator       : HHH000490: Using JtaPlatform implementation: [org.hibernate.engine.transaction.jta.platform.internal.NoJtaPlatform]
2021-03-30 11:15:46.839  INFO 48088 --- [         task-1] j.LocalContainerEntityManagerFactoryBean : Initialized JPA EntityManagerFactory for persistence unit 'default'
2021-03-30 11:15:46.915  WARN 48088 --- [    Test worker] JpaBaseConfiguration$JpaWebConfiguration : spring.jpa.open-in-view is enabled by default. Therefore, database queries may be performed during view rendering. Explicitly configure spring.jpa.open-in-view to disable this warning
2021-03-30 11:15:47.004  INFO 48088 --- [    Test worker] o.s.b.a.h2.H2ConsoleAutoConfiguration    : H2 console available at '/h2-console'. Database available at 'jdbc:h2:mem:2588cbdd-3c2e-494a-83f5-b0a53bce9a65'
2021-03-30 11:15:47.138  INFO 48088 --- [    Test worker] DeferredRepositoryInitializationListener : Triggering deferred initialization of Spring Data repositories…
2021-03-30 11:15:47.180  INFO 48088 --- [    Test worker] DeferredRepositoryInitializationListener : Spring Data repositories initialized!
2021-03-30 11:15:47.183  INFO 48088 --- [    Test worker] com.example.springboot.DatabaseTest      : Started DatabaseTest in 0.623 seconds (JVM running for 6.908)
2021-03-30 11:15:47.205  INFO 48088 --- [    Test worker] j.LocalContainerEntityManagerFactoryBean : Closing JPA EntityManagerFactory for persistence unit 'default'
2021-03-30 11:15:47.206  INFO 48088 --- [    Test worker] .SchemaDropperImpl$DelayedDropActionImpl : HHH000477: Starting delayed evictData of schema as part of SessionFactory shut-down'
2021-03-30 11:15:47.207  INFO 48088 --- [    Test worker] o.s.s.concurrent.ThreadPoolTaskExecutor  : Shutting down ExecutorService 'applicationTaskExecutor'
2021-03-30 11:15:47.207  INFO 48088 --- [    Test worker] com.zaxxer.hikari.HikariDataSource       : HikariPool-4 - Shutdown initiated...
2021-03-30 11:15:47.208  INFO 48088 --- [    Test worker] com.zaxxer.hikari.HikariDataSource       : HikariPool-4 - Shutdown completed.

  .   ____          _            __ _ _
 /\\ / ___'_ __ _ _(_)_ __  __ _ \ \ \ \
( ( )\___ | '_ | '_| | '_ \/ _` | \ \ \ \
 \\/  ___)| |_)| | | | | || (_| |  ) ) ) )
  '  |____| .__|_| |_|_| |_\__, | / / / /
 =========|_|==============|___/=/_/_/_/
 :: Spring Boot ::        (v2.3.3.RELEASE)

2021-03-30 11:15:47.225  INFO 48088 --- [    Test worker] com.example.springboot.DatabaseTest      : Starting DatabaseTest on Chenghaos-MacBook-Pro.local with PID 48088 (started by chenghaoliu in /Users/chenghaoliu/Desktop/Uvic/2021Spring/Seng275/Labs/Lab9/database_testing)
2021-03-30 11:15:47.225  INFO 48088 --- [    Test worker] com.example.springboot.DatabaseTest      : No active profile set, falling back to default profiles: default
2021-03-30 11:15:47.324  INFO 48088 --- [    Test worker] .s.d.r.c.RepositoryConfigurationDelegate : Bootstrapping Spring Data JPA repositories in DEFERRED mode.
2021-03-30 11:15:47.331  INFO 48088 --- [    Test worker] .s.d.r.c.RepositoryConfigurationDelegate : Finished Spring Data repository scanning in 5ms. Found 1 JPA repository interfaces.
2021-03-30 11:15:47.416  INFO 48088 --- [    Test worker] o.s.s.concurrent.ThreadPoolTaskExecutor  : Initializing ExecutorService 'applicationTaskExecutor'
2021-03-30 11:15:47.419  INFO 48088 --- [    Test worker] com.zaxxer.hikari.HikariDataSource       : HikariPool-5 - Starting...
2021-03-30 11:15:47.421  INFO 48088 --- [    Test worker] com.zaxxer.hikari.HikariDataSource       : HikariPool-5 - Start completed.
2021-03-30 11:15:47.428  INFO 48088 --- [         task-1] o.hibernate.jpa.internal.util.LogHelper  : HHH000204: Processing PersistenceUnitInfo [name: default]
2021-03-30 11:15:47.433  INFO 48088 --- [         task-1] org.hibernate.dialect.Dialect            : HHH000400: Using dialect: org.hibernate.dialect.H2Dialect
2021-03-30 11:15:47.454  INFO 48088 --- [         task-1] o.h.e.t.j.p.i.JtaPlatformInitiator       : HHH000490: Using JtaPlatform implementation: [org.hibernate.engine.transaction.jta.platform.internal.NoJtaPlatform]
2021-03-30 11:15:47.455  INFO 48088 --- [         task-1] j.LocalContainerEntityManagerFactoryBean : Initialized JPA EntityManagerFactory for persistence unit 'default'
2021-03-30 11:15:47.497  WARN 48088 --- [    Test worker] JpaBaseConfiguration$JpaWebConfiguration : spring.jpa.open-in-view is enabled by default. Therefore, database queries may be performed during view rendering. Explicitly configure spring.jpa.open-in-view to disable this warning
2021-03-30 11:15:47.587  INFO 48088 --- [    Test worker] o.s.b.a.h2.H2ConsoleAutoConfiguration    : H2 console available at '/h2-console'. Database available at 'jdbc:h2:mem:7e90e1ef-fcac-4567-8ba0-70e5e4aee3d3'
2021-03-30 11:15:47.713  INFO 48088 --- [    Test worker] DeferredRepositoryInitializationListener : Triggering deferred initialization of Spring Data repositories…
2021-03-30 11:15:47.741  INFO 48088 --- [    Test worker] DeferredRepositoryInitializationListener : Spring Data repositories initialized!
2021-03-30 11:15:47.743  INFO 48088 --- [    Test worker] com.example.springboot.DatabaseTest      : Started DatabaseTest in 0.533 seconds (JVM running for 7.469)
2021-03-30 11:15:47.792  INFO 48088 --- [    Test worker] j.LocalContainerEntityManagerFactoryBean : Closing JPA EntityManagerFactory for persistence unit 'default'
2021-03-30 11:15:47.793  INFO 48088 --- [    Test worker] .SchemaDropperImpl$DelayedDropActionImpl : HHH000477: Starting delayed evictData of schema as part of SessionFactory shut-down'
2021-03-30 11:15:47.794  INFO 48088 --- [    Test worker] o.s.s.concurrent.ThreadPoolTaskExecutor  : Shutting down ExecutorService 'applicationTaskExecutor'
2021-03-30 11:15:47.794  INFO 48088 --- [    Test worker] com.zaxxer.hikari.HikariDataSource       : HikariPool-5 - Shutdown initiated...
2021-03-30 11:15:47.796  INFO 48088 --- [    Test worker] com.zaxxer.hikari.HikariDataSource       : HikariPool-5 - Shutdown completed.

  .   ____          _            __ _ _
 /\\ / ___'_ __ _ _(_)_ __  __ _ \ \ \ \
( ( )\___ | '_ | '_| | '_ \/ _` | \ \ \ \
 \\/  ___)| |_)| | | | | || (_| |  ) ) ) )
  '  |____| .__|_| |_|_| |_\__, | / / / /
 =========|_|==============|___/=/_/_/_/
 :: Spring Boot ::        (v2.3.3.RELEASE)

2021-03-30 11:15:47.814  INFO 48088 --- [    Test worker] com.example.springboot.DatabaseTest      : Starting DatabaseTest on Chenghaos-MacBook-Pro.local with PID 48088 (started by chenghaoliu in /Users/chenghaoliu/Desktop/Uvic/2021Spring/Seng275/Labs/Lab9/database_testing)
2021-03-30 11:15:47.815  INFO 48088 --- [    Test worker] com.example.springboot.DatabaseTest      : No active profile set, falling back to default profiles: default
2021-03-30 11:15:47.908  INFO 48088 --- [    Test worker] .s.d.r.c.RepositoryConfigurationDelegate : Bootstrapping Spring Data JPA repositories in DEFERRED mode.
2021-03-30 11:15:47.923  INFO 48088 --- [    Test worker] .s.d.r.c.RepositoryConfigurationDelegate : Finished Spring Data repository scanning in 15ms. Found 1 JPA repository interfaces.
2021-03-30 11:15:48.003  INFO 48088 --- [    Test worker] o.s.s.concurrent.ThreadPoolTaskExecutor  : Initializing ExecutorService 'applicationTaskExecutor'
2021-03-30 11:15:48.005  INFO 48088 --- [    Test worker] com.zaxxer.hikari.HikariDataSource       : HikariPool-6 - Starting...
2021-03-30 11:15:48.007  INFO 48088 --- [    Test worker] com.zaxxer.hikari.HikariDataSource       : HikariPool-6 - Start completed.
2021-03-30 11:15:48.014  INFO 48088 --- [         task-1] o.hibernate.jpa.internal.util.LogHelper  : HHH000204: Processing PersistenceUnitInfo [name: default]
2021-03-30 11:15:48.018  INFO 48088 --- [         task-1] org.hibernate.dialect.Dialect            : HHH000400: Using dialect: org.hibernate.dialect.H2Dialect
2021-03-30 11:15:48.042  INFO 48088 --- [         task-1] o.h.e.t.j.p.i.JtaPlatformInitiator       : HHH000490: Using JtaPlatform implementation: [org.hibernate.engine.transaction.jta.platform.internal.NoJtaPlatform]
2021-03-30 11:15:48.043  INFO 48088 --- [         task-1] j.LocalContainerEntityManagerFactoryBean : Initialized JPA EntityManagerFactory for persistence unit 'default'
2021-03-30 11:15:48.089  WARN 48088 --- [    Test worker] JpaBaseConfiguration$JpaWebConfiguration : spring.jpa.open-in-view is enabled by default. Therefore, database queries may be performed during view rendering. Explicitly configure spring.jpa.open-in-view to disable this warning
2021-03-30 11:15:48.175  INFO 48088 --- [    Test worker] o.s.b.a.h2.H2ConsoleAutoConfiguration    : H2 console available at '/h2-console'. Database available at 'jdbc:h2:mem:f013f9fc-878a-4e8a-ad94-020507dfc674'
2021-03-30 11:15:48.302  INFO 48088 --- [    Test worker] DeferredRepositoryInitializationListener : Triggering deferred initialization of Spring Data repositories…
2021-03-30 11:15:48.339  INFO 48088 --- [    Test worker] DeferredRepositoryInitializationListener : Spring Data repositories initialized!
2021-03-30 11:15:48.343  INFO 48088 --- [    Test worker] com.example.springboot.DatabaseTest      : Started DatabaseTest in 0.544 seconds (JVM running for 8.068)
]]></system-out>
  <system-err><![CDATA[]]></system-err>
</testsuite>
