<?xml version="1.0" encoding="UTF-8"?>
<testsuite name="ca.uvic.seng330.ex8.ClickableButtonTest_JUnit5Hamcrest" tests="2" skipped="0" failures="0" errors="0" timestamp="2020-11-21T06:43:18" hostname="Chenghaos-MacBook-Pro.local" time="2.491">
  <properties/>
  <testcase name="should_contain_button_with_text(FxRobot)" classname="ca.uvic.seng330.ex8.ClickableButtonTest_JUnit5Hamcrest" time="0.265"/>
  <testcase name="check_Total_whale(FxRobot)" classname="ca.uvic.seng330.ex8.ClickableButtonTest_JUnit5Hamcrest" time="2.224"/>
  <system-out><![CDATA[]]></system-out>
  <system-err><![CDATA[]]></system-err>
</testsuite>
