<?xml version="1.0" encoding="UTF-8"?>
<testsuite name="ca.uvic.seng330.ex8.ClickableButtonTest_JUnit5Hamcrest" tests="2" skipped="0" failures="0" errors="0" timestamp="2021-02-25T22:44:15" hostname="Chenghaos-MacBook-Pro.local" time="3.037">
  <properties/>
  <testcase name="should_contain_button_with_text(FxRobot)" classname="ca.uvic.seng330.ex8.ClickableButtonTest_JUnit5Hamcrest" time="0.388"/>
  <testcase name="check_Total_whale(FxRobot)" classname="ca.uvic.seng330.ex8.ClickableButtonTest_JUnit5Hamcrest" time="2.647"/>
  <system-out><![CDATA[]]></system-out>
  <system-err><![CDATA[]]></system-err>
</testsuite>
